<?xml version="1.0" encoding="UTF-8"?>
<robot generator="Robot 6.0 (Python 3.10.7 on win32)" generated="20221101 17:28:18.084" rpa="false" schemaversion="3">
<suite id="s1" name="Qase" source="C:\Users\gille\Documents\School\ThomasMore\Testing\02_testautomation\TestProject\tests\qase.robot">
<kw name="Open My Website" library="basePage" type="SETUP">
<kw name="Open Browser" library="SeleniumLibrary">
<arg>${url}</arg>
<arg>${browser}</arg>
<doc>Opens a new browser instance to the optional ``url``.</doc>
<msg timestamp="20221101 17:28:18.439" level="INFO">Opening browser 'Google Chrome' to base url 'https://brightshopapp.herokuapp.com/#/'.</msg>
<status status="PASS" starttime="20221101 17:28:18.439" endtime="20221101 17:28:20.442"/>
</kw>
<status status="PASS" starttime="20221101 17:28:18.438" endtime="20221101 17:28:20.443"/>
</kw>
<test id="s1-t1" name="Logout" line="47">
<kw name="Login Account" library="loginPage">
<arg>${R_EMAIL}</arg>
<arg>${R_PASSW}</arg>
<kw name="Go To Signin Page" library="goToPage">
<kw name="Wait Until Element Is Visible" library="SeleniumLibrary">
<arg>${SIGNIN_LNK}</arg>
<doc>Waits until the element ``locator`` is visible.</doc>
<status status="PASS" starttime="20221101 17:28:20.444" endtime="20221101 17:28:20.821"/>
</kw>
<kw name="Sleep" library="BuiltIn">
<arg>5s</arg>
<doc>Pauses the test executed for the given time.</doc>
<msg timestamp="20221101 17:28:25.822" level="INFO">Slept 5 seconds</msg>
<status status="PASS" starttime="20221101 17:28:20.821" endtime="20221101 17:28:25.822"/>
</kw>
<kw name="Click Element" library="SeleniumLibrary">
<arg>${SIGNIN_LNK}</arg>
<doc>Click the element identified by ``locator``.</doc>
<msg timestamp="20221101 17:28:25.823" level="INFO">Clicking element 'xpath://button[normalize-space()='Sign in']'.</msg>
<status status="PASS" starttime="20221101 17:28:25.822" endtime="20221101 17:28:25.873"/>
</kw>
<kw name="Wait Until Element Is Visible" library="SeleniumLibrary">
<arg>${SIGNIN}</arg>
<doc>Waits until the element ``locator`` is visible.</doc>
<status status="PASS" starttime="20221101 17:28:25.873" endtime="20221101 17:28:25.890"/>
</kw>
<kw name="Location Should Contain" library="SeleniumLibrary">
<arg>login</arg>
<doc>Verifies that the current URL contains ``expected``.</doc>
<msg timestamp="20221101 17:28:25.893" level="INFO">Current location contains 'login'.</msg>
<status status="PASS" starttime="20221101 17:28:25.890" endtime="20221101 17:28:25.893"/>
</kw>
<status status="PASS" starttime="20221101 17:28:20.443" endtime="20221101 17:28:25.893"/>
</kw>
<kw name="Wait Until Element Is Visible" library="SeleniumLibrary">
<arg>${SIGNIN}</arg>
<doc>Waits until the element ``locator`` is visible.</doc>
<status status="PASS" starttime="20221101 17:28:25.893" endtime="20221101 17:28:25.955"/>
</kw>
<kw name="Input Text" library="SeleniumLibrary">
<arg>${MAIL}</arg>
<arg>${email}</arg>
<doc>Types the given ``text`` into the text field identified by ``locator``.</doc>
<msg timestamp="20221101 17:28:25.956" level="INFO">Typing text 'name@gmail.com' into text field 'xpath://input[@name='email']'.</msg>
<status status="PASS" starttime="20221101 17:28:25.955" endtime="20221101 17:28:26.067"/>
</kw>
<kw name="Input Text" library="SeleniumLibrary">
<arg>${PASSW}</arg>
<arg>${password}</arg>
<doc>Types the given ``text`` into the text field identified by ``locator``.</doc>
<msg timestamp="20221101 17:28:26.068" level="INFO">Typing text 'Password123' into text field 'xpath://input[@name='password']'.</msg>
<status status="PASS" starttime="20221101 17:28:26.067" endtime="20221101 17:28:26.186"/>
</kw>
<kw name="Click Element" library="SeleniumLibrary">
<arg>${SIGNIN}</arg>
<doc>Click the element identified by ``locator``.</doc>
<msg timestamp="20221101 17:28:26.186" level="INFO">Clicking element 'xpath://button[@id='SignInButtonComplete']'.</msg>
<status status="PASS" starttime="20221101 17:28:26.186" endtime="20221101 17:28:26.226"/>
</kw>
<status status="PASS" starttime="20221101 17:28:20.443" endtime="20221101 17:28:26.226"/>
</kw>
<kw name="Logout Account" library="logoutPage">
<kw name="Wait Until Element Is Visible" library="SeleniumLibrary">
<arg>${SIGNOUT}</arg>
<doc>Waits until the element ``locator`` is visible.</doc>
<status status="PASS" starttime="20221101 17:28:26.227" endtime="20221101 17:28:26.473"/>
</kw>
<kw name="Click Element" library="SeleniumLibrary">
<arg>${SIGNOUT}</arg>
<doc>Click the element identified by ``locator``.</doc>
<msg timestamp="20221101 17:28:26.473" level="INFO">Clicking element 'xpath://button[@id='SignOutButton']'.</msg>
<status status="PASS" starttime="20221101 17:28:26.473" endtime="20221101 17:28:26.512"/>
</kw>
<kw name="Wait Until Element Is Visible" library="SeleniumLibrary">
<arg>${SIGNIN_LNK}</arg>
<doc>Waits until the element ``locator`` is visible.</doc>
<status status="PASS" starttime="20221101 17:28:26.512" endtime="20221101 17:28:26.744"/>
</kw>
<status status="PASS" starttime="20221101 17:28:26.227" endtime="20221101 17:28:26.744"/>
</kw>
<kw name="Sleep" library="BuiltIn">
<arg>5s</arg>
<doc>Pauses the test executed for the given time.</doc>
<msg timestamp="20221101 17:28:31.750" level="INFO">Slept 5 seconds</msg>
<status status="PASS" starttime="20221101 17:28:26.744" endtime="20221101 17:28:31.750"/>
</kw>
<status status="PASS" starttime="20221101 17:28:20.443" endtime="20221101 17:28:31.750"/>
</test>
<kw name="Close Browser" library="SeleniumLibrary" type="TEARDOWN">
<doc>Closes the current browser.</doc>
<status status="PASS" starttime="20221101 17:28:31.751" endtime="20221101 17:28:33.880"/>
</kw>
<status status="PASS" starttime="20221101 17:28:18.089" endtime="20221101 17:28:33.880"/>
</suite>
<statistics>
<total>
<stat pass="1" fail="0" skip="0">All Tests</stat>
</total>
<tag>
</tag>
<suite>
<stat pass="1" fail="0" skip="0" id="s1" name="Qase">Qase</stat>
</suite>
</statistics>
<errors>
</errors>
</robot>
