<?xml version="1.0" encoding="UTF-8"?>
<robot generator="Robot 6.0 (Python 3.10.7 on win32)" generated="20221028 16:48:04.988" rpa="false" schemaversion="3">
<suite id="s1" name="Qase" source="C:\Users\gille\Documents\School\ThomasMore\Testing\02_testautomation\TestProject\tests\qase.robot">
<kw name="Open My Website" library="basePage" type="SETUP">
<kw name="Open Browser" library="SeleniumLibrary">
<arg>${url}</arg>
<arg>${browser}</arg>
<doc>Opens a new browser instance to the optional ``url``.</doc>
<msg timestamp="20221028 16:48:05.468" level="INFO">Opening browser 'Google Chrome' to base url 'https://brightshopapp.herokuapp.com/'.</msg>
<status status="PASS" starttime="20221028 16:48:05.467" endtime="20221028 16:48:07.651"/>
</kw>
<status status="PASS" starttime="20221028 16:48:05.467" endtime="20221028 16:48:07.651"/>
</kw>
<test id="s1-t1" name="Register With InCorrect Email" line="13">
<kw name="Go To Register Page" library="Page">
<kw name="Wait Until Element Is Visible" library="SeleniumLibrary">
<arg>${REGISTER_LNK}</arg>
<doc>Waits until the element ``locator`` is visible.</doc>
<status status="PASS" starttime="20221028 16:48:07.652" endtime="20221028 16:48:08.045"/>
</kw>
<kw name="Sleep" library="BuiltIn">
<arg>5s</arg>
<doc>Pauses the test executed for the given time.</doc>
<msg timestamp="20221028 16:48:13.048" level="INFO">Slept 5 seconds</msg>
<status status="PASS" starttime="20221028 16:48:08.046" endtime="20221028 16:48:13.048"/>
</kw>
<kw name="Click Element" library="SeleniumLibrary">
<arg>${REGISTER_LNK}</arg>
<doc>Click the element identified by ``locator``.</doc>
<msg timestamp="20221028 16:48:13.049" level="INFO">Clicking element 'xpath://button[normalize-space()='Register']'.</msg>
<status status="PASS" starttime="20221028 16:48:13.048" endtime="20221028 16:48:13.145"/>
</kw>
<status status="PASS" starttime="20221028 16:48:07.652" endtime="20221028 16:48:13.145"/>
</kw>
<status status="PASS" starttime="20221028 16:48:07.651" endtime="20221028 16:48:13.146"/>
</test>
<kw name="Close Browser" library="SeleniumLibrary" type="TEARDOWN">
<doc>Closes the current browser.</doc>
<status status="PASS" starttime="20221028 16:48:13.147" endtime="20221028 16:48:15.430"/>
</kw>
<status status="PASS" starttime="20221028 16:48:04.994" endtime="20221028 16:48:15.430"/>
</suite>
<statistics>
<total>
<stat pass="1" fail="0" skip="0">All Tests</stat>
</total>
<tag>
</tag>
<suite>
<stat pass="1" fail="0" skip="0" id="s1" name="Qase">Qase</stat>
</suite>
</statistics>
<errors>
</errors>
</robot>
